
2025-08-03 07:09:52 - <@629276351416893470> 입장
2025-08-03 07:09:52 - [[32m✔[0m] jung8764님에게 역할을 지급했습니다
2025-08-03 11:20:07 - <@841628200743731230> 입장
2025-08-03 11:20:08 - [[32m✔[0m] kimyuchan님에게 역할을 지급했습니다
2025-08-03 16:42:10 - <@1111931134318739547> 입장
2025-08-03 16:42:11 - [[32m✔[0m] mu_ji_gae_ganga_ji님에게 역할을 지급했습니다
2025-08-03 16:42:28 - <@1344627613909516330> 입장
2025-08-03 16:42:29 - [[32m✔[0m] rahorangi_54685님에게 역할을 지급했습니다
2025-08-03 16:42:38 - mu_ji_gae_ganga_ji(1111931134318739547) > gooo_candy _
2025-08-03 16:42:44 - mu_ji_gae_ganga_ji(1111931134318739547) > 굿 캔디!!!!!!!!!!!!!!!!!!!
2025-08-03 16:42:56 - dhscksdl_19635(1219596148193497179) > 이러시면 안되요
2025-08-03 16:42:58 - mu_ji_gae_ganga_ji(1111931134318739547) > good_candy_
2025-08-03 16:42:59 - mu_ji_gae_ganga_ji 인증완료
2025-08-03 16:43:29 - rahorangi_54685(1344627613909516330) > lahoking
2025-08-03 16:43:30 - rahorangi_54685 인증완료
2025-08-03 19:35:10 - <@1401513196640014419> 입장
2025-08-03 19:35:10 - [[32m✔[0m] suhyun49님에게 역할을 지급했습니다
2025-08-03 19:35:21 - suhyun49(1401513196640014419) > Suhyun49
2025-08-03 19:35:22 - suhyun49 인증완료
2025-08-03 21:35:49 - <@689811888292364301> 입장
2025-08-03 21:35:50 - [[32m✔[0m] hyojin8501님에게 역할을 지급했습니다
2025-08-03 21:36:18 - hyojin8501(689811888292364301) > EoWkD
2025-08-03 21:36:19 - hyojin8501 인증완료