
2025-08-13 00:06:08 - dhscksdl_19635(1219596148193497179) > ? 저요? 나아닌디
2025-08-13 00:28:24 - siro_9987(1253258319469088793) > siro9987
2025-08-13 06:58:39 - <@1260574718847881308> 입장
2025-08-13 06:58:40 - [[32m✔[0m] 2b_a.님에게 역할을 지급했습니다
2025-08-13 06:59:25 - 2b_a.(1260574718847881308) > PUNGGAK_ZIZON
2025-08-13 06:59:26 - 2b_a. 인증완료
2025-08-13 07:10:23 - 2b_a.(1260574718847881308) > potato24kr.24
2025-08-13 13:03:37 - <@1254346600872935519> 입장
2025-08-13 13:03:38 - [[32m✔[0m] ilregteuro0400님에게 역할을 지급했습니다
2025-08-13 14:10:38 - <@294882584201003009> 입장
2025-08-13 14:10:38 - [[32m✔[0m] GiveawayBot#2381님에게 역할을 지급했습니다
2025-08-13 14:41:19 - <@1401766577766006980> 입장
2025-08-13 14:41:19 - [[32m✔[0m] yn.op님에게 역할을 지급했습니다
2025-08-13 14:41:46 - yn.op(1401766577766006980) > dusdndusen
2025-08-13 14:41:47 - yn.op 인증완료
2025-08-13 14:59:22 - <@1378969827686875168> 입장
2025-08-13 14:59:22 - [[32m✔[0m] gsgudcd1님에게 역할을 지급했습니다
2025-08-13 14:59:30 - gsgudcd1(1378969827686875168) > kdh0426
2025-08-13 14:59:31 - gsgudcd1 인증완료
2025-08-13 21:00:27 - [[32m✔[0m] Potato24 Verify#6361 is started!
2025-08-13 21:02:08 - console_id12093(804194370018344961) > <@1388350118343737477> <@978586694221709322> 다시한번만 인증해주실수있나요?