
2025-06-11 00:45:23 - eje98(899114720831864882) > EJEGAME98
2025-06-11 00:48:50 - <@666222362076774420> мһ…мһҘ
2025-06-11 00:48:51 - [[32mвң”[0m] hyerim0308лӢҳм—җкІҢ м—ӯн• мқ„ м§Җкёүн–ҲмҠөлӢҲлӢӨ
2025-06-11 00:49:35 - hyerim0308(666222362076774420) > Hyerim__park
2025-06-11 01:17:41 - <@1382029526263136359> мһ…мһҘ
2025-06-11 01:17:41 - [[32mвң”[0m] Potato24 Music#9379лӢҳм—җкІҢ м—ӯн• мқ„ м§Җкёүн–ҲмҠөлӢҲлӢӨ
2025-06-11 12:33:48 - <@1011532427912556645> мһ…мһҘ
2025-06-11 12:33:48 - [[32mвң”[0m] boraboraboraaaлӢҳм—җкІҢ м—ӯн• мқ„ м§Җкёүн–ҲмҠөлӢҲлӢӨ
2025-06-11 12:35:27 - <@704512395497832449> мһ…мһҘ
2025-06-11 12:35:28 - [[32mвң”[0m] m.wolf_linлӢҳм—җкІҢ м—ӯн• мқ„ м§Җкёүн–ҲмҠөлӢҲлӢӨ
2025-06-11 16:51:39 - boraboraboraaa(1011532427912556645) > boraboraboraaa
2025-06-11 19:02:06 - [[32mвң”[0m] rm#1516 is started!
2025-06-11 19:03:36 - [[32mвң”[0m] Potato24 Verify#6361 is started!
2025-06-11 19:07:24 - [[32mвң”[0m] Potato24 Verify#6361 is started!
2025-06-11 19:07:30 - [[32mвң”[0m] Potato24 Verify#6361 is started!
2025-06-11 19:15:14 - <@1379235188734820435> мһ…мһҘ
2025-06-11 19:15:15 - [[32mвң”[0m] nnyaaangлӢҳм—җкІҢ м—ӯн• мқ„ м§Җкёүн–ҲмҠөлӢҲлӢӨ
2025-06-11 19:15:38 - nnyaaang(1379235188734820435) > zzeogoo
2025-06-11 19:21:55 - console_id12093(804194370018344961) > console
2025-06-11 19:45:29 - nnyaaang(1379235188734820435) > zzeogoo
2025-06-11 19:46:39 - console_id12093(804194370018344961) > лӯҗм§Җ лІ„к·јк°Җ
2025-06-11 19:47:09 - korea_god_(977383828702249010) > мҡ”мҰҳм—җ лӯ”к°Җ лІ„к·ёк°Җ л§Һл„Ө
2025-06-11 19:47:21 - korea_god_(977383828702249010) > korea_god_
2025-06-11 19:47:25 - korea_god_(977383828702249010) > ...?
2025-06-11 19:55:11 - console_id12093(804194370018344961) > лӘЁмһҘ api м„ңлІ„мқҳ мқјмӢңм Ғмқё м—җлҹ¬к°ҷмҠөлӢҲлӢӨ..
2025-06-11 19:55:31 - console_id12093(804194370018344961) > мқјлӢЁ лӢӨ нҶөкіј мӢңмјң л“ңл Өмҡ”