
2025-08-28 18:30:28 - [[32m✔[0m] Potato24 Verify#6361 is started!
2025-08-28 18:31:16 - [[32m✔[0m] Potato24 Verify#6361 is started!
2025-08-28 18:32:57 - [[32m✔[0m] Potato24 Verify#6361 is started!
2025-08-28 18:42:45 - <@1410559602147197008> 입장
2025-08-28 18:42:46 - [[32m✔[0m] Potato24#9581님에게 역할을 지급했습니다
2025-08-28 18:52:13 - [[32m✔[0m] Potato24 Verify#6361 is started!
2025-08-28 18:52:28 - console_id12093(804194370018344961) > test
2025-08-28 18:52:28 - console_id12093 인증완료
2025-08-28 18:54:18 - [[32m✔[0m] Potato24 Verify#6361 is started!
2025-08-28 18:55:03 - [[32m✔[0m] Potato24 Verify#6361 is started!
2025-08-28 18:55:11 - console_id12093(804194370018344961) > test
2025-08-28 18:55:12 - console_id12093 인증완료
2025-08-28 19:00:04 - [[32m✔[0m] Potato24 Verify#6361 is started!
2025-08-28 19:00:10 - console_id12093(804194370018344961) > test
2025-08-28 19:00:10 - console_id12093 인증완료
2025-08-28 19:00:53 - [[32m✔[0m] Potato24 Verify#6361 is started!
2025-08-28 19:01:02 - console_id12093(804194370018344961) > test
2025-08-28 19:01:02 - console_id12093 인증완료
2025-08-28 19:01:33 - [[32m✔[0m] Potato24 Verify#6361 is started!
2025-08-28 19:01:37 - console_id12093(804194370018344961) > test
2025-08-28 19:01:38 - console_id12093 인증완료
2025-08-28 19:02:23 - [[32m✔[0m] Potato24 Verify#6361 is started!
2025-08-28 19:02:32 - console_id12093(804194370018344961) > test
2025-08-28 19:02:32 - console_id12093 인증완료
2025-08-28 19:06:10 - [[32m✔[0m] Potato24 Verify#6361 is started!
2025-08-28 19:06:54 - [[32m✔[0m] Potato24 Verify#6361 is started!
2025-08-28 19:08:53 - [[32m✔[0m] Potato24 Verify#6361 is started!
2025-08-28 19:08:58 - console_id12093(804194370018344961) > test
2025-08-28 19:08:59 - console_id12093 인증완료
2025-08-28 19:09:18 - console_id12093(804194370018344961) > test
2025-08-28 19:09:18 - console_id12093 인증완료
2025-08-28 19:10:44 - [[32m✔[0m] Potato24 Verify#6361 is started!
2025-08-28 19:10:50 - console_id12093(804194370018344961) > test
2025-08-28 19:11:39 - [[32m✔[0m] Potato24 Verify#6361 is started!
2025-08-28 19:11:45 - console_id12093(804194370018344961) > test
2025-08-28 19:11:46 - console_id12093 인증완료
2025-08-28 19:12:46 - [[32m✔[0m] Potato24 Verify#6361 is started!
2025-08-28 19:12:51 - console_id12093(804194370018344961) > rest
2025-08-28 19:12:51 - console_id12093 인증완료
2025-08-28 19:13:00 - console_id12093(804194370018344961) > test
2025-08-28 19:13:00 - console_id12093 인증완료
2025-08-28 19:14:39 - [[32m✔[0m] Potato24 Verify#6361 is started!
2025-08-28 19:15:00 - console_id12093(804194370018344961) > imman
2025-08-28 19:15:01 - console_id12093 인증완료
2025-08-28 19:25:53 - [[32m✔[0m] Potato24 Verify#6361 is started!
2025-08-28 19:26:06 - console_id12093(804194370018344961) > 하이
2025-08-28 19:26:25 - [[32m✔[0m] Potato24 Verify#6361 is started!
2025-08-28 19:34:23 - tenny1005_32304(1338836295614599221) > tenny1005
2025-08-28 19:34:24 - tenny1005_32304 인증완료
2025-08-28 19:34:41 - [[32m✔[0m] Potato24 Verify#6361 is started!
2025-08-28 19:39:28 - [[32m✔[0m] Potato24 Verify#6361 is started!
2025-08-28 19:39:40 - [[32m✔[0m] Potato24 Verify#6361 is started!
2025-08-28 19:43:59 - [[32m✔[0m] Potato24 Verify#6361 is started!
2025-08-28 19:48:03 - [[32m✔[0m] Potato24 Verify#6361 is started!
2025-08-28 19:48:33 - [[32m✔[0m] Potato24 Verify#6361 is started!
2025-08-28 19:55:49 - [[32m✔[0m] Potato24 Verify#6361 is started!
2025-08-28 19:57:35 - [[32m✔[0m] Potato24 Verify#6361 is started!
2025-08-28 20:05:54 - [[32m✔[0m] Potato24 Verify#6361 is started!
2025-08-28 20:06:50 - [[32m✔[0m] Potato24 Verify#6361 is started!
2025-08-28 20:07:17 - [[32m✔[0m] Potato24 Verify#6361 is started!
2025-08-28 20:08:24 - [[32m✔[0m] Potato24 Verify#6361 is started!
2025-08-28 20:08:58 - [[32m✔[0m] Potato24 Verify#6361 is started!
2025-08-28 20:15:28 - <@1309863224644206614> 입장
2025-08-28 20:15:29 - [[32m✔[0m] 384960_님에게 역할을 지급했습니다
2025-08-28 20:15:49 - 384960_(1309863224644206614) > Leesooho0912
2025-08-28 20:16:10 - 384960_(1309863224644206614) > Leesooho0912
2025-08-28 20:20:44 - [[32m✔[0m] Potato24 Verify#6361 is started!
2025-08-28 20:26:24 - console_id12093(804194370018344961) > console
2025-08-28 20:26:25 - console_id12093 인증완료
2025-08-28 20:30:18 - [[32m✔[0m] Potato24 Verify#6361 is started!
2025-08-28 20:37:22 - [[32m✔[0m] Potato24 Verify#6361 is started!
2025-08-28 20:38:47 - [[32m✔[0m] Potato24 Verify#6361 is started!
2025-08-28 20:40:55 - [[32m✔[0m] Potato24 Verify#6361 is started!
2025-08-28 20:44:40 - [[32m✔[0m] Potato24 Verify#6361 is started!
2025-08-28 20:46:45 - [[32m✔[0m] Potato24 Verify#6361 is started!
2025-08-28 20:47:26 - [[32m✔[0m] Potato24 Verify#6361 is started!
2025-08-28 20:47:46 - [[32m✔[0m] Potato24 Verify#6361 is started!