
2025-08-24 00:59:00 - <@924636601429151745> 입장
2025-08-24 00:59:00 - [[32m✔[0m] go_dongdal8040님에게 역할을 지급했습니다
2025-08-24 00:59:23 - go_dongdal8040(924636601429151745) > chito8040
2025-08-24 00:59:24 - go_dongdal8040 인증완료
2025-08-24 01:35:16 - <@681073768692449321> 입장
2025-08-24 01:35:16 - [[32m✔[0m] raquil_0727님에게 역할을 지급했습니다
2025-08-24 01:35:30 - raquil_0727(681073768692449321) > _ZQP0
2025-08-24 01:35:31 - raquil_0727 인증완료
2025-08-24 09:19:20 - <@972796836437950524> 입장
2025-08-24 09:19:20 - [[32m✔[0m] ygenr님에게 역할을 지급했습니다
2025-08-24 09:19:36 - ygenr(972796836437950524) > YGenr
2025-08-24 09:19:37 - ygenr 인증완료
2025-08-24 09:19:51 - ygenr(972796836437950524) > <@&1221809675293425746> ㅃㄹㅃㄹㅃㄹㅃㄹ
2025-08-24 15:04:51 - <@1265798396623458397> 입장
2025-08-24 15:04:52 - [[32m✔[0m] samuel0818123님에게 역할을 지급했습니다
2025-08-24 15:06:45 - samuel0818123(1265798396623458397) > samuel0818
2025-08-24 15:06:46 - samuel0818123 인증완료
2025-08-24 17:37:23 - <@878034408521756672> 입장
2025-08-24 17:37:24 - [[32m✔[0m] skdn123님에게 역할을 지급했습니다
2025-08-24 17:37:33 - skdn123(878034408521756672) > snamkes
2025-08-24 17:37:33 - skdn123 인증완료
2025-08-24 21:22:59 - <@913021220067373107> 입장
2025-08-24 21:23:00 - [[32m✔[0m] soyeon_9595님에게 역할을 지급했습니다
2025-08-24 21:23:23 - soyeon_9595(913021220067373107) > DolPIn_star
2025-08-24 21:23:24 - soyeon_9595 인증완료
2025-08-24 22:52:28 - <@1125429382811488389> 입장
2025-08-24 22:52:29 - [[32m✔[0m] jjaingg_damore27님에게 역할을 지급했습니다
2025-08-24 22:53:37 - jjaingg_damore27(1125429382811488389) > G_Damore
2025-08-24 22:53:38 - jjaingg_damore27 인증완료