
2025-08-11 10:44:51 - <@1404062253631934574> 입장
2025-08-11 10:44:52 - [[32m✔[0m] tr0phy_134님에게 역할을 지급했습니다
2025-08-11 10:45:31 - tr0phy_134(1404062253631934574) > tricolorcat
2025-08-11 10:45:31 - tr0phy_134 인증완료
2025-08-11 12:41:37 - <@972796836437950524> 입장
2025-08-11 12:41:38 - [[32m✔[0m] jojojojojj99098987님에게 역할을 지급했습니다
2025-08-11 17:22:54 - ayasas_(972796836437950524) > YGenr
2025-08-11 17:22:55 - ayasas_ 인증완료
2025-08-11 20:49:24 - <@1243785302795878524> 입장
2025-08-11 20:49:24 - [[32m✔[0m] jonjal_easywho_24976님에게 역할을 지급했습니다
2025-08-11 20:54:43 - jonjal_easywho_24976(1243785302795878524) > TREK_SEVEN
2025-08-11 20:54:44 - jonjal_easywho_24976 인증완료
2025-08-11 21:01:13 - <@1188774440738242672> 입장
2025-08-11 21:01:14 - [[32m✔[0m] poi0140님에게 역할을 지급했습니다
2025-08-11 21:01:33 - poi0140(1188774440738242672) > cutehyunwoo
2025-08-11 21:01:33 - poi0140 인증완료
2025-08-11 21:37:09 - <@396248661706670111> 입장
2025-08-11 21:37:10 - [[32m✔[0m] quartermoon0211님에게 역할을 지급했습니다
2025-08-11 21:37:37 - quartermoon0211(396248661706670111) > quarterxmoon
2025-08-11 21:37:37 - quartermoon0211 인증완료
2025-08-11 21:38:04 - <@435409601563983873> 입장
2025-08-11 21:38:05 - [[32m✔[0m] likeachimmy님에게 역할을 지급했습니다
2025-08-11 21:38:13 - likeachimmy(435409601563983873) > X00E
2025-08-11 21:38:13 - likeachimmy 인증완료
2025-08-11 22:10:18 - <@1404451446690414625> 입장
2025-08-11 22:10:18 - [[32m✔[0m] sajanggoyangi_01875님에게 역할을 지급했습니다
2025-08-11 22:11:06 - sajanggoyangi_01875(1404451446690414625) > koreakkang
2025-08-11 22:11:07 - sajanggoyangi_01875 인증완료