
2025-11-15 11:15:48 - <@484999924505772034> 입장
2025-11-15 11:15:49 - [[32m✔[0m] blue_1026님에게 역할을 지급했습니다
2025-11-15 11:16:55 - blue_1026(484999924505772034) > chorong1026
2025-11-15 11:16:56 - blue_1026 인증완료
2025-11-15 13:53:42 - <@1356258250537959566> 입장
2025-11-15 13:53:42 - [[32m✔[0m] ahskjdhfkjsdhfjk님에게 역할을 지급했습니다
2025-11-15 14:32:16 - ahskjdhfkjsdhfjk(1356258250537959566) > minig4mes
2025-11-15 14:32:17 - ahskjdhfkjsdhfjk 인증완료
2025-11-15 19:56:58 - <@232529649693884416> 입장
2025-11-15 19:56:59 - [[32m✔[0m] dusld229님에게 역할을 지급했습니다
2025-11-15 19:57:13 - dusld229(232529649693884416) > tredjeoyet333
2025-11-15 19:57:14 - dusld229 인증완료
2025-11-15 19:57:28 - <@1127228845985104044> 입장
2025-11-15 19:57:28 - [[32m✔[0m] airforcekaenon님에게 역할을 지급했습니다
2025-11-15 19:58:09 - airforcekaenon(1127228845985104044) > Miles150629
2025-11-15 19:58:10 - airforcekaenon 인증완료
2025-11-15 22:47:29 - <@793361594058014722> 입장
2025-11-15 22:47:29 - [[32m✔[0m] hyeoni8133님에게 역할을 지급했습니다
2025-11-15 22:48:03 - hyeoni8133(793361594058014722) > kkhyune
2025-11-15 22:48:04 - hyeoni8133 인증완료