
2025-08-12 08:38:34 - <@926608434428796938> 입장
2025-08-12 08:38:34 - [[32m✔[0m] rial0609님에게 역할을 지급했습니다
2025-08-12 08:39:13 - rial0609(926608434428796938) > _harf
2025-08-12 08:39:13 - rial0609 인증완료
2025-08-12 12:33:37 - <@1379680490927296543> 입장
2025-08-12 12:33:37 - [[32m✔[0m] doll_mang님에게 역할을 지급했습니다
2025-08-12 12:34:31 - doll_mang(1379680490927296543) > Dollmang_9
2025-08-12 12:34:32 - doll_mang 인증완료
2025-08-12 13:24:42 - <@1253258319469088793> 입장
2025-08-12 13:24:43 - [[32m✔[0m] siro_9987님에게 역할을 지급했습니다
2025-08-12 13:25:08 - <@1404670038404890654> 입장
2025-08-12 13:25:08 - [[32m✔[0m] seh1010님에게 역할을 지급했습니다
2025-08-12 13:25:34 - seh1010(1404670038404890654) > seohyun231010a
2025-08-12 13:28:26 - console_id12093(804194370018344961) > seohyun231010
2025-08-12 13:29:09 - seh1010(1404670038404890654) > 이러
2025-08-12 13:29:47 - korea_god_(977383828702249010) > seohyun231010
2025-08-12 13:30:01 - korea_god_(977383828702249010) > seohyun21010
2025-08-12 13:30:51 - console_id12093(804194370018344961) > <#1401046975151083620>
2025-08-12 13:32:23 - seh1010(1404670038404890654) > seohyun231010a
2025-08-12 13:37:45 - console_id12093(804194370018344961) > seh1010
2025-08-12 13:37:46 - console_id12093 인증완료
2025-08-12 14:03:34 - seh1010(1404670038404890654) > seh1010
2025-08-12 14:03:35 - seh1010 인증완료
2025-08-12 15:46:49 - <@1070644093430022154> 입장
2025-08-12 15:46:50 - [[32m✔[0m] pluskiller님에게 역할을 지급했습니다
2025-08-12 15:48:13 - pluskiller(1070644093430022154) > pluskiller
2025-08-12 15:48:14 - pluskiller 인증완료
2025-08-12 19:28:04 - [[32m✔[0m] Potato24 Verify#6361 is started!
2025-08-12 19:32:04 - <@1164695093215760404> 입장
2025-08-12 19:32:05 - [[32m✔[0m] ike_0330님에게 역할을 지급했습니다
2025-08-12 19:34:22 - ike_0330(1164695093215760404) > basssliine
2025-08-12 19:34:23 - ike_0330 인증완료
2025-08-12 22:37:50 - console_id12093(804194370018344961) > <@&1221809675293425746> 이거 누구야
2025-08-12 23:42:02 - dusdn1162(1065884000633241650) > dh요