
2025-08-02 09:52:35 - <@931765763352723597> 입장
2025-08-02 09:52:35 - [[32m✔[0m] kimdonghoo2012님에게 역할을 지급했습니다
2025-08-02 09:52:54 - kimdonghoo2012(931765763352723597) > donghooyo
2025-08-02 12:33:40 - [[32m✔[0m] Potato24 Verify#6361 is started!
2025-08-02 12:35:47 - [[32m✔[0m] Potato24 Verify#6361 is started!
2025-08-02 12:36:45 - [[32m✔[0m] Potato24 Verify#6361 is started!
2025-08-02 12:36:52 - console_id12093(804194370018344961) > test
2025-08-02 12:37:40 - [[32m✔[0m] Potato24 Verify#6361 is started!
2025-08-02 12:37:48 - console_id12093(804194370018344961) > test
2025-08-02 12:38:21 - [[32m✔[0m] Potato24 Verify#6361 is started!
2025-08-02 12:38:32 - [[32m✔[0m] Potato24 Verify#6361 is started!
2025-08-02 12:38:34 - console_id12093(804194370018344961) > test
2025-08-02 12:38:41 - console_id12093(804194370018344961) > 뭐지
2025-08-02 12:39:14 - [[32m✔[0m] Potato24 Verify#6361 is started!
2025-08-02 12:39:17 - console_id12093(804194370018344961) > test
2025-08-02 12:39:35 - vaguestmarmot22(1178200238020907018) > ?
2025-08-02 12:40:04 - [[32m✔[0m] Potato24 Verify#6361 is started!
2025-08-02 12:41:05 - [[32m✔[0m] Potato24 Verify#6361 is started!
2025-08-02 12:41:12 - console_id12093(804194370018344961) > console_id12093
2025-08-02 12:41:44 - console_id12093(804194370018344961) > console_id12093
2025-08-02 12:41:55 - console_id12093(804194370018344961) > 역할을 안주네
2025-08-02 12:42:27 - [[32m✔[0m] Potato24 Verify#6361 is started!
2025-08-02 12:42:29 - console_id12093(804194370018344961) > test
2025-08-02 12:42:46 - [[32m✔[0m] Potato24 Verify#6361 is started!
2025-08-02 12:43:08 - [[32m✔[0m] Potato24 Verify#6361 is started!
2025-08-02 12:43:19 - [[32m✔[0m] Potato24 Verify#6361 is started!
2025-08-02 12:43:21 - console_id12093(804194370018344961) > test
2025-08-02 12:44:28 - [[32m✔[0m] Potato24 Verify#6361 is started!
2025-08-02 12:44:31 - console_id12093(804194370018344961) > test
2025-08-02 12:44:32 - console_id12093 인증완료
2025-08-02 12:45:25 - [[32m✔[0m] Potato24 Verify#6361 is started!
2025-08-02 12:45:28 - console_id12093(804194370018344961) > test
2025-08-02 12:45:29 - console_id12093 인증완료
2025-08-02 12:47:13 - [[32m✔[0m] Potato24 Verify#6361 is started!
2025-08-02 12:47:19 - console_id12093(804194370018344961) > console
2025-08-02 12:47:20 - console_id12093 인증완료
2025-08-02 12:47:35 - [[32m✔[0m] Potato24 Verify#6361 is started!
2025-08-02 12:47:36 - console_id12093(804194370018344961) > test
2025-08-02 12:47:37 - console_id12093 인증완료
2025-08-02 12:48:02 - [[32m✔[0m] Potato24 Verify#6361 is started!
2025-08-02 12:48:10 - [[32m✔[0m] Potato24 Verify#6361 is started!
2025-08-02 12:48:12 - console_id12093(804194370018344961) > test
2025-08-02 12:48:13 - console_id12093 인증완료
2025-08-02 12:48:26 - [[32m✔[0m] Potato24 Verify#6361 is started!
2025-08-02 12:48:27 - console_id12093(804194370018344961) > test
2025-08-02 12:48:28 - console_id12093 인증완료
2025-08-02 12:48:53 - [[32m✔[0m] Potato24 Verify#6361 is started!
2025-08-02 12:48:58 - [[32m✔[0m] Potato24 Verify#6361 is started!
2025-08-02 12:49:00 - console_id12093(804194370018344961) > test
2025-08-02 12:49:01 - console_id12093 인증완료
2025-08-02 12:49:14 - [[32m✔[0m] Potato24 Verify#6361 is started!
2025-08-02 12:49:16 - console_id12093(804194370018344961) > test
2025-08-02 12:49:17 - console_id12093 인증완료
2025-08-02 12:49:21 - console_id12093(804194370018344961) > oisjeio
2025-08-02 12:50:08 - [[32m✔[0m] Potato24 Verify#6361 is started!
2025-08-02 12:50:19 - [[32m✔[0m] Potato24 Verify#6361 is started!
2025-08-02 12:50:28 - [[32m✔[0m] Potato24 Verify#6361 is started!
2025-08-02 12:50:56 - [[32m✔[0m] Potato24 Verify#6361 is started!
2025-08-02 12:51:04 - console_id12093(804194370018344961) > 0i3r0i3r
2025-08-02 12:51:30 - [[32m✔[0m] Potato24 Verify#6361 is started!
2025-08-02 12:51:33 - console_id12093(804194370018344961) > j8j8
2025-08-02 12:51:34 - console_id12093 인증완료
2025-08-02 12:51:40 - console_id12093(804194370018344961) > ][
2025-08-02 12:51:58 - [[32m✔[0m] Potato24 Verify#6361 is started!
2025-08-02 12:52:00 - console_id12093(804194370018344961) > []
2025-08-02 12:52:11 - console_id12093(804194370018344961) > 345
2025-08-02 12:52:11 - console_id12093 인증완료
2025-08-02 12:52:16 - console_id12093(804194370018344961) > th565433t
2025-08-02 12:52:23 - console_id12093(804194370018344961) > test
2025-08-02 12:52:24 - console_id12093 인증완료
2025-08-02 12:52:57 - [[32m✔[0m] Potato24 Verify#6361 is started!
2025-08-02 12:52:59 - console_id12093(804194370018344961) > test
2025-08-02 12:53:00 - console_id12093 인증완료
2025-08-02 12:53:07 - console_id12093(804194370018344961) > 아
2025-08-02 12:53:09 - console_id12093(804194370018344961) > 진짜
2025-08-02 13:10:00 - <@1199985318976311338> 입장
2025-08-02 13:10:01 - [[32m✔[0m] 0n9yx님에게 역할을 지급했습니다
2025-08-02 14:02:15 - console_id12093(804194370018344961) > test\
2025-08-02 14:02:16 - console_id12093 인증완료
2025-08-02 14:02:57 - [[32m✔[0m] Potato24 Verify#6361 is started!
2025-08-02 14:02:59 - console_id12093(804194370018344961) > test
2025-08-02 14:03:00 - console_id12093 인증완료
2025-08-02 14:03:18 - [[32m✔[0m] Potato24 Verify#6361 is started!
2025-08-02 14:03:20 - console_id12093(804194370018344961) > test
2025-08-02 14:03:21 - console_id12093 인증완료
2025-08-02 14:03:51 - [[32m✔[0m] Potato24 Verify#6361 is started!
2025-08-02 14:04:02 - [[32m✔[0m] Potato24 Verify#6361 is started!
2025-08-02 14:04:10 - console_id12093(804194370018344961) > test
2025-08-02 14:04:10 - console_id12093 인증완료
2025-08-02 14:04:26 - [[32m✔[0m] Potato24 Verify#6361 is started!
2025-08-02 14:04:29 - [[32m✔[0m] Potato24 Verify#6361 is started!
2025-08-02 14:04:35 - console_id12093(804194370018344961) > test
2025-08-02 14:04:36 - console_id12093 인증완료
2025-08-02 14:05:52 - console_id12093(804194370018344961) > @test
2025-08-02 14:25:43 - [[32m✔[0m] Potato24 Verify#6361 is started!