
2025-07-27 12:00:58 - <@1206841942332285011> 입장
2025-07-27 12:00:59 - [[32m✔[0m] cargo427님에게 역할을 지급했습니다
2025-07-27 12:24:11 - cargo427(1206841942332285011) > InGravity
2025-07-27 12:24:56 - dhscksdl_19635(1219596148193497179) > ?
2025-07-27 12:25:14 - korea_god_(977383828702249010) > ?
2025-07-27 12:25:22 - dhscksdl_19635(1219596148193497179) > 뭐지
2025-07-27 12:25:22 - korea_god_(977383828702249010) > 왜관리자됨 저사람??
2025-07-27 12:25:32 - dhscksdl_19635(1219596148193497179) > 그러니까
2025-07-27 12:25:48 - korea_god_(977383828702249010) > 콘솔님이랑 친추되신거보면 새로운 관리자시거나
2025-07-27 12:25:53 - dhscksdl_19635(1219596148193497179) > ㅇㅇ
2025-07-27 12:25:54 - korea_god_(977383828702249010) > 콘솔님 친구분일수도잇음
2025-07-27 12:26:06 - console_id12093(804194370018344961) > 엄 채팅 여기에 치지 마시죠
2025-07-27 12:26:11 - korea_god_(977383828702249010) > 네네
2025-07-27 12:26:12 - console_id12093(804194370018344961) > 다 지우세요
2025-07-27 12:26:13 - dhscksdl_19635(1219596148193497179) > 넙
2025-07-27 18:30:11 - <@1351867642570608652> 입장
2025-07-27 18:30:11 - [[32m✔[0m] hunyang0913님에게 역할을 지급했습니다
2025-07-27 20:44:08 - kanghyki(1183686932501381140) > bearer_bear
2025-07-27 21:03:13 - hunyang0913(1351867642570608652) > Hunyan2
2025-07-27 22:26:14 - <@1386388520452751506> 입장
2025-07-27 22:26:14 - [[32m✔[0m] s2cnd님에게 역할을 지급했습니다
2025-07-27 22:26:31 - s2cnd(1386388520452751506) > dori1258