
2026-02-23 01:43:59 - <@795229562560315393> 입장
2026-02-23 01:43:59 - [[32m✔[0m] shx.z9u_님에게 역할을 지급했습니다
2026-02-23 01:44:17 - shx.z9u_(795229562560315393) > Magnolia0913
2026-02-23 01:44:18 - shx.z9u_ 인증완료
2026-02-23 04:08:05 - <@1196082349872529482> 입장
2026-02-23 04:08:07 - [[32m✔[0m] merio_notmario님에게 역할을 지급했습니다
2026-02-23 04:08:24 - merio_notmario(1196082349872529482) > Merio_notmario
2026-02-23 04:08:25 - merio_notmario 인증완료
2026-02-23 10:23:43 - <@1342787881927704577> 입장
2026-02-23 10:23:44 - [[32m✔[0m] kyjn1230님에게 역할을 지급했습니다
2026-02-23 10:24:08 - kyjn1230(1342787881927704577) > FangLas
2026-02-23 10:24:08 - kyjn1230 인증완료
2026-02-23 14:55:48 - <@1345944207730282596> 입장
2026-02-23 14:55:48 - [[32m✔[0m] kms9098_12님에게 역할을 지급했습니다
2026-02-23 14:56:19 - kms9098_12(1345944207730282596) > sangmins12
2026-02-23 14:56:19 - kms9098_12 인증완료
2026-02-23 17:30:51 - <@793662398157553674> 입장
2026-02-23 17:30:51 - [[32m✔[0m] codegon님에게 역할을 지급했습니다
2026-02-23 17:31:06 - codegon(793662398157553674) > codename1017
2026-02-23 17:31:06 - codegon 인증완료
2026-02-23 18:13:48 - <@1404873228874153984> 입장
2026-02-23 18:13:49 - [[32m✔[0m] mandurian.님에게 역할을 지급했습니다
2026-02-23 18:14:12 - mandurian.(1404873228874153984) > pro_kimmandoo
2026-02-23 18:14:12 - mandurian. 인증완료
2026-02-23 18:49:18 - <@1170855522484879481> 입장
2026-02-23 18:49:18 - [[32m✔[0m] da07775님에게 역할을 지급했습니다
2026-02-23 18:49:28 - da07775(1170855522484879481) > HIT_da07775
2026-02-23 18:49:29 - da07775 인증완료