
2026-02-26 00:55:50 - <@1413142378612527228> 입장
2026-02-26 00:55:50 - [[32m✔[0m] qwerasd_13579님에게 역할을 지급했습니다
2026-02-26 04:30:37 - <@523498148958830621> 입장
2026-02-26 04:30:38 - [[32m✔[0m] w_sup_님에게 역할을 지급했습니다
2026-02-26 04:37:51 - w_sup_(523498148958830621) > Dsu15
2026-02-26 04:37:51 - w_sup_ 인증완료
2026-02-26 10:23:18 - <@1410899424942755883> 입장
2026-02-26 10:23:18 - [[32m✔[0m] 1emrm님에게 역할을 지급했습니다
2026-02-26 10:43:59 - <@1438124876123607120> 입장
2026-02-26 10:44:00 - [[32m✔[0m] majestic_rabbit_77669님에게 역할을 지급했습니다
2026-02-26 10:45:22 - majestic_rabbit_77669(1438124876123607120) > wedkorea
2026-02-26 10:45:22 - majestic_rabbit_77669 인증완료
2026-02-26 16:42:10 - <@729237763261726783> 입장
2026-02-26 16:42:11 - [[32m✔[0m] honest_unicorn_99015님에게 역할을 지급했습니다
2026-02-26 20:18:41 - <@717690210393260052> 입장
2026-02-26 20:18:42 - [[32m✔[0m] eoopd님에게 역할을 지급했습니다
2026-02-26 20:19:41 - eoopd(717690210393260052) > Eoopd
2026-02-26 20:19:42 - eoopd 인증완료
2026-02-26 20:27:42 - <@1251384125139718144> 입장
2026-02-26 20:27:42 - [[32m✔[0m] gaeguri0487_33342님에게 역할을 지급했습니다
2026-02-26 20:35:28 - gaeguri0487_33342(1251384125139718144) > wprewf
2026-02-26 20:35:29 - gaeguri0487_33342 인증완료
2026-02-26 21:10:54 - <@1458683894655353038> 입장
2026-02-26 21:10:54 - [[32m✔[0m] kimtata0404님에게 역할을 지급했습니다
2026-02-26 21:11:31 - kimtata0404(1458683894655353038) > kimtata0404
2026-02-26 21:11:32 - kimtata0404 인증완료