
2026-03-01 14:01:18 - <@1066369619864080454> 입장
2026-03-01 14:01:19 - [[32m✔[0m] i.like.home.hehe님에게 역할을 지급했습니다
2026-03-01 14:01:41 - i.like.home.hehe(1066369619864080454) > Seol_9i
2026-03-01 14:01:41 - i.like.home.hehe 인증완료
2026-03-01 16:08:05 - <@547943189072576525> 입장
2026-03-01 16:08:06 - [[32m✔[0m] doubleu25님에게 역할을 지급했습니다
2026-03-01 16:08:23 - doubleu25(547943189072576525) > TUFFDOKU
2026-03-01 16:08:23 - doubleu25 인증완료
2026-03-01 16:17:43 - <@805218999163944984> 입장
2026-03-01 16:17:44 - [[32m✔[0m] asdf0719_님에게 역할을 지급했습니다
2026-03-01 16:18:18 - asdf0719_(805218999163944984) > HITsea_maan
2026-03-01 16:18:19 - asdf0719_ 인증완료
2026-03-01 17:38:06 - <@1459824252281688132> 입장
2026-03-01 17:38:07 - [[32m✔[0m] cherry_04285님에게 역할을 지급했습니다
2026-03-01 17:38:22 - cherry_04285(1459824252281688132) > shindy151128
2026-03-01 17:38:22 - cherry_04285 인증완료
2026-03-01 18:36:42 - <@1032277804609454222> 입장
2026-03-01 18:36:42 - [[32m✔[0m] yizo0님에게 역할을 지급했습니다
2026-03-01 18:37:55 - yizo0(1032277804609454222) > yizoo
2026-03-01 18:37:56 - yizo0 인증완료
2026-03-01 20:37:26 - <@1260208307990433916> 입장
2026-03-01 20:37:27 - [[32m✔[0m] minu130519님에게 역할을 지급했습니다
2026-03-01 20:52:33 - minu130519(1260208307990433916) > eunhu1210
2026-03-01 20:52:34 - minu130519 인증완료
2026-03-01 20:52:34 - <@752855564693799013> 입장
2026-03-01 20:52:35 - [[32m✔[0m] yunyund님에게 역할을 지급했습니다
2026-03-01 20:52:57 - yunyund(752855564693799013) > Metled_Chocola
2026-03-01 20:53:25 - yunyund(752855564693799013) > Melted_Chocola
2026-03-01 20:53:26 - yunyund 인증완료
2026-03-01 22:20:19 - <@1278669129045508158> 입장
2026-03-01 22:20:21 - [[32m✔[0m] min_aw님에게 역할을 지급했습니다
2026-03-01 22:20:38 - min_aw(1278669129045508158) > Bedwars_Gosu
2026-03-01 22:20:39 - min_aw 인증완료