
2026-02-27 00:33:44 - <@1459718789506662566> 입장
2026-02-27 00:33:44 - [[32m✔[0m] nyaminyami0558님에게 역할을 지급했습니다
2026-02-27 01:24:56 - <@1261595173679534152> 입장
2026-02-27 01:24:56 - [[32m✔[0m] hyangeon님에게 역할을 지급했습니다
2026-02-27 01:25:08 - hyangeon(1261595173679534152) > hyangeon
2026-02-27 01:25:09 - hyangeon 인증완료
2026-02-27 02:40:57 - <@1285264125034758147> 입장
2026-02-27 02:40:58 - [[32m✔[0m] nx._8님에게 역할을 지급했습니다
2026-02-27 13:14:18 - <@1390284411857272982> 입장
2026-02-27 13:14:19 - [[32m✔[0m] nagomtaengindecodaejomjb님에게 역할을 지급했습니다
2026-02-27 13:14:33 - nagomtaengindecodaejomjb(1390284411857272982) > GoM_s12d
2026-02-27 13:14:34 - nagomtaengindecodaejomjb 인증완료
2026-02-27 14:17:22 - <@1273133032672329851> 입장
2026-02-27 14:17:23 - [[32m✔[0m] starmix_me님에게 역할을 지급했습니다
2026-02-27 14:17:34 - <@1142021378590113802> 입장
2026-02-27 14:17:35 - [[32m✔[0m] ghdddudu님에게 역할을 지급했습니다
2026-02-27 14:17:50 - ghdddudu(1142021378590113802) > hongsanz
2026-02-27 14:17:51 - ghdddudu 인증완료
2026-02-27 14:18:13 - starmix_me(1273133032672329851) > Nlics
2026-02-27 14:18:14 - starmix_me 인증완료
2026-02-27 22:09:51 - <@1053937665516503060> 입장
2026-02-27 22:09:52 - [[32m✔[0m] ku_jojo_taro2님에게 역할을 지급했습니다
2026-02-27 22:10:02 - ku_jojo_taro2(1053937665516503060) > BLUEINSV_
2026-02-27 22:10:02 - ku_jojo_taro2 인증완료