
2026-03-02 06:33:50 - <@906875405401731092> 입장
2026-03-02 06:33:51 - [[32m✔[0m] imdeloy님에게 역할을 지급했습니다
2026-03-02 06:34:07 - imdeloy(906875405401731092) > Skina_Roy
2026-03-02 06:34:08 - imdeloy 인증완료
2026-03-02 13:29:50 - <@934967345191976980> 입장
2026-03-02 13:29:51 - [[32m✔[0m] jongyoon0265님에게 역할을 지급했습니다
2026-03-02 14:48:37 - jongyoon0265(934967345191976980) > ohammameat
2026-03-02 14:48:38 - jongyoon0265 인증완료
2026-03-02 15:59:13 - <@993009155487043654> 입장
2026-03-02 15:59:14 - [[32m✔[0m] dwooaa님에게 역할을 지급했습니다
2026-03-02 15:59:24 - dwooaa(993009155487043654) > dwooaa
2026-03-02 15:59:24 - dwooaa 인증완료
2026-03-02 18:44:59 - <@1318875688283013171> 입장
2026-03-02 18:45:00 - [[32m✔[0m] pu_rung님에게 역할을 지급했습니다
2026-03-02 18:45:41 - pu_rung(1318875688283013171) > WPLCMinecraft
2026-03-02 18:45:42 - pu_rung 인증완료
2026-03-02 20:50:44 - <@1342361853572943916> 입장
2026-03-02 20:50:44 - [[32m✔[0m] royfly1130님에게 역할을 지급했습니다
2026-03-02 20:51:00 - royfly1130(1342361853572943916) > royfly123456
2026-03-02 20:51:01 - royfly1130 인증완료
2026-03-02 22:02:29 - <@1447244404392726570> 입장
2026-03-02 22:02:29 - [[32m✔[0m] gh1829님에게 역할을 지급했습니다
2026-03-02 22:02:42 - gh1829(1447244404392726570) > Ozone
2026-03-02 22:02:42 - gh1829 인증완료