
2026-05-16 00:13:56 - <@1438124876123607120> 입장
2026-05-16 00:13:56 - [[32m✔[0m] majestic_rabbit_77669님에게 역할을 지급했습니다
2026-05-16 00:15:32 - majestic_rabbit_77669(1438124876123607120) > wedkorea
2026-05-16 00:15:32 - majestic_rabbit_77669 인증완료
2026-05-16 09:06:07 - <@1284554132790706289> 입장
2026-05-16 09:06:08 - [[32m✔[0m] wasd_0100_11803님에게 역할을 지급했습니다
2026-05-16 09:16:36 - wasd_0100_11803(1284554132790706289) > loko_ko
2026-05-16 09:16:36 - wasd_0100_11803 인증완료
2026-05-16 11:56:46 - <@1289490193992126580> 입장
2026-05-16 11:56:47 - [[32m✔[0m] 10273ujs님에게 역할을 지급했습니다
2026-05-16 11:57:23 - 10273ujs(1289490193992126580) > monstermltpa
2026-05-16 11:57:42 - 10273ujs(1289490193992126580) > monsterultpa
2026-05-16 11:57:42 - 10273ujs 인증완료
2026-05-16 14:21:11 - <@1457933944677863465> 입장
2026-05-16 14:21:12 - [[32m✔[0m] im_hanseol_96031님에게 역할을 지급했습니다
2026-05-16 14:21:52 - im_hanseol_96031(1457933944677863465) > 1xtap_
2026-05-16 14:21:53 - im_hanseol_96031 인증완료
2026-05-16 15:18:56 - <@1505091342785839236> 입장
2026-05-16 15:18:57 - [[32m✔[0m] dnwls36님에게 역할을 지급했습니다
2026-05-16 15:19:55 - dnwls36(1505091342785839236) > yellowbecca
2026-05-16 15:19:55 - dnwls36 인증완료
2026-05-16 15:51:58 - <@1378631760987820175> 입장
2026-05-16 15:51:59 - [[32m✔[0m] kimyb2014_46140님에게 역할을 지급했습니다
2026-05-16 17:43:55 - <@368716728416469002> 입장
2026-05-16 17:43:56 - [[32m✔[0m] jt.lee님에게 역할을 지급했습니다
2026-05-16 17:44:50 - jt.lee(368716728416469002) > DAKBA
2026-05-16 17:44:50 - jt.lee 인증완료
2026-05-16 23:02:19 - <@743331561755246662> 입장
2026-05-16 23:02:20 - [[32m✔[0m] nix0612님에게 역할을 지급했습니다
2026-05-16 23:02:39 - nix0612(743331561755246662) > nix0612
2026-05-16 23:02:39 - nix0612 인증완료
2026-05-16 23:11:04 - <@1464620925323313248> 입장
2026-05-16 23:11:05 - [[32m✔[0m] aqu1240님에게 역할을 지급했습니다
2026-05-16 23:27:10 - aqu1240(1464620925323313248) > Aqu123
2026-05-16 23:27:10 - aqu1240 인증완료