
2026-04-12 11:55:54 - <@1429717389162971236> 입장
2026-04-12 11:55:54 - [[32m✔[0m] kimglin_19742님에게 역할을 지급했습니다
2026-04-12 11:56:15 - kimglin_19742(1429717389162971236) > kimglin
2026-04-12 11:56:15 - kimglin_19742 인증완료
2026-04-12 11:57:48 - <@1429717389162971236> 입장
2026-04-12 11:57:49 - [[32m✔[0m] kimglin_19742님에게 역할을 지급했습니다
2026-04-12 11:57:56 - kimglin_19742(1429717389162971236) > kimglin
2026-04-12 11:57:56 - kimglin_19742 인증완료
2026-04-12 12:14:01 - <@1429717389162971236> 입장
2026-04-12 12:14:02 - [[32m✔[0m] kimglin_19742님에게 역할을 지급했습니다
2026-04-12 12:14:08 - kimglin_19742(1429717389162971236) > kinglin
2026-04-12 12:14:08 - kimglin_19742 인증완료
2026-04-12 12:37:51 - <@1429717389162971236> 입장
2026-04-12 12:37:51 - [[32m✔[0m] kimglin_19742님에게 역할을 지급했습니다
2026-04-12 12:38:01 - kimglin_19742(1429717389162971236) > kimglin
2026-04-12 12:38:01 - kimglin_19742 인증완료
2026-04-12 13:53:00 - <@1325061693415362584> 입장
2026-04-12 13:53:01 - [[32m✔[0m] ja_min0302님에게 역할을 지급했습니다
2026-04-12 13:53:29 - ja_min0302(1325061693415362584) > nicesahrk15
2026-04-12 13:54:17 - ja_min0302(1325061693415362584) > niceshark15
2026-04-12 13:54:17 - ja_min0302 인증완료
2026-04-12 15:02:07 - <@1429717389162971236> 입장
2026-04-12 15:02:07 - [[32m✔[0m] kimglin_19742님에게 역할을 지급했습니다
2026-04-12 15:02:17 - kimglin_19742(1429717389162971236) > kimglin
2026-04-12 15:02:17 - kimglin_19742 인증완료
2026-04-12 16:12:11 - <@1469997660529234081> 입장
2026-04-12 16:12:11 - [[32m✔[0m] e.j.w.1001님에게 역할을 지급했습니다
2026-04-12 18:02:53 - <@1390284411857272982> 입장
2026-04-12 18:02:55 - [[32m✔[0m] nagomtaengindecodaejomjb님에게 역할을 지급했습니다
2026-04-12 18:03:08 - nagomtaengindecodaejomjb(1390284411857272982) > G_T__
2026-04-12 18:03:08 - nagomtaengindecodaejomjb 인증완료
2026-04-12 19:28:37 - <@1492827921109356685> 입장
2026-04-12 19:28:38 - [[32m✔[0m] grutergi0827님에게 역할을 지급했습니다
2026-04-12 19:29:46 - grutergi0827(1492827921109356685) > grutergi0827
2026-04-12 19:29:46 - grutergi0827 인증완료