
2026-02-20 08:25:48 - <@1093436989270929409> 입장
2026-02-20 08:25:48 - [[32m✔[0m] latrondav님에게 역할을 지급했습니다
2026-02-20 08:38:55 - <@591832979366739968> 입장
2026-02-20 08:38:56 - [[32m✔[0m] _gorch_light_님에게 역할을 지급했습니다
2026-02-20 08:39:24 - _gorch_light_(591832979366739968) > _gorch_light_
2026-02-20 08:39:25 - _gorch_light_ 인증완료
2026-02-20 12:56:31 - <@1454160702032838912> 입장
2026-02-20 12:56:33 - [[32m✔[0m] willow2085372님에게 역할을 지급했습니다
2026-02-20 12:57:07 - willow2085372(1454160702032838912) > willow5372
2026-02-20 12:57:07 - willow2085372 인증완료
2026-02-20 18:16:28 - <@1400898032467447949> 입장
2026-02-20 18:16:29 - [[32m✔[0m] eumme0118_05572님에게 역할을 지급했습니다
2026-02-20 18:17:18 - eumme0118_05572(1400898032467447949) > dokgeomi
2026-02-20 18:17:19 - eumme0118_05572 인증완료
2026-02-20 21:19:29 - <@1470375472159396032> 입장
2026-02-20 21:19:29 - [[32m✔[0m] hyeonjun06149님에게 역할을 지급했습니다
2026-02-20 21:20:02 - <@1470375472159396032> 입장
2026-02-20 21:20:03 - [[32m✔[0m] hyeonjun06149님에게 역할을 지급했습니다
2026-02-20 21:20:20 - hyeonjun06149(1470375472159396032) > 1q2w3e4rska
2026-02-20 21:40:13 - <@1133677849765761055> 입장
2026-02-20 21:40:14 - [[32m✔[0m] yuan_e2님에게 역할을 지급했습니다
2026-02-20 21:41:40 - <@1163731428366876722> 입장
2026-02-20 21:41:40 - [[32m✔[0m] vanilla_ice_207님에게 역할을 지급했습니다
2026-02-20 21:46:24 - <@1133677849765761055> 입장
2026-02-20 21:46:24 - [[32m✔[0m] yuan_e2님에게 역할을 지급했습니다
2026-02-20 21:46:40 - yuan_e2(1133677849765761055) > YU_AN2
2026-02-20 21:46:41 - yuan_e2 인증완료
2026-02-20 22:12:14 - <@1340573537693470811> 입장
2026-02-20 22:12:14 - [[32m✔[0m] wdvw_01622님에게 역할을 지급했습니다
2026-02-20 22:13:31 - wdvw_01622(1340573537693470811) > SHDragon9
2026-02-20 22:13:32 - wdvw_01622 인증완료
2026-02-20 22:15:46 - <@1369672867268137003> 입장
2026-02-20 22:15:47 - [[32m✔[0m] riu0373님에게 역할을 지급했습니다
2026-02-20 22:37:59 - <@1170352818817876020> 입장
2026-02-20 22:38:00 - [[32m✔[0m] dreamwhale6410님에게 역할을 지급했습니다