
2026-06-01 01:30:13 - <@894236731149254676> 입장
2026-06-01 01:30:14 - [[32m✔[0m] fourfour44._님에게 역할을 지급했습니다
2026-06-01 14:48:17 - <@1510882356674953236> 입장
2026-06-01 14:48:18 - [[32m✔[0m] dno03060_56033님에게 역할을 지급했습니다
2026-06-01 14:54:24 - <@544427157347237888> 입장
2026-06-01 14:54:25 - [[32m✔[0m] dno03060님에게 역할을 지급했습니다
2026-06-01 14:55:56 - dno03060(544427157347237888) > dno03060
2026-06-01 14:55:57 - dno03060 인증완료
2026-06-01 18:14:16 - <@1438124876123607120> 입장
2026-06-01 18:14:16 - [[32m✔[0m] majestic_rabbit_77669님에게 역할을 지급했습니다
2026-06-01 18:14:56 - majestic_rabbit_77669(1438124876123607120) > wedkorea
2026-06-01 18:15:08 - majestic_rabbit_77669(1438124876123607120) > wedkorea
2026-06-01 18:15:29 - majestic_rabbit_77669(1438124876123607120) > Wedkorea
2026-06-01 18:15:53 - majestic_rabbit_77669(1438124876123607120) > wedkorea
2026-06-01 18:16:55 - majestic_rabbit_77669(1438124876123607120) > wedkorea
2026-06-01 18:18:46 - majestic_rabbit_77669(1438124876123607120) > wedkorea
2026-06-01 18:45:51 - [[32m✔[0m] Potato24 Verify#6361 is started!
2026-06-01 18:45:54 - console_id12093(804194370018344961) > test
2026-06-01 18:45:55 - console_id12093 인증완료
2026-06-01 18:46:24 - majestic_rabbit_77669(1438124876123607120) > wedkorea
2026-06-01 18:48:34 - console_id12093(804194370018344961) > test
2026-06-01 18:48:34 - console_id12093 인증완료
2026-06-01 18:50:59 - console_id12093(804194370018344961) > wedkorea
2026-06-01 18:51:02 - console_id12093(804194370018344961) > wedkorea
2026-06-01 18:51:03 - console_id12093(804194370018344961) > wedkorea
2026-06-01 18:51:03 - console_id12093(804194370018344961) > wedkorea
2026-06-01 18:51:04 - console_id12093(804194370018344961) > wedkorea
2026-06-01 18:51:04 - console_id12093(804194370018344961) > v
2026-06-01 18:51:05 - console_id12093(804194370018344961) > wedkorea
2026-06-01 18:51:06 - console_id12093(804194370018344961) > wedkorea
2026-06-01 18:51:06 - console_id12093(804194370018344961) > wedkorea
2026-06-01 18:51:07 - console_id12093(804194370018344961) > wedkorea
2026-06-01 18:51:07 - console_id12093(804194370018344961) > wedkorea
2026-06-01 18:51:08 - console_id12093(804194370018344961) > wedkorea
2026-06-01 18:51:09 - console_id12093(804194370018344961) > wedkorea
2026-06-01 18:51:09 - console_id12093(804194370018344961) > wedkorea
2026-06-01 18:51:10 - console_id12093(804194370018344961) > wedkorea
2026-06-01 18:51:30 - <@1438124876123607120> 입장
2026-06-01 18:51:30 - [[32m✔[0m] majestic_rabbit_77669님에게 역할을 지급했습니다
2026-06-01 18:51:33 - console_id12093 인증완료
2026-06-01 18:51:36 - console_id12093 인증완료
2026-06-01 18:51:38 - console_id12093 인증완료
2026-06-01 18:51:41 - console_id12093 인증완료
2026-06-01 18:52:09 - vaguestmarmot22(1178200238020907018) > ??
2026-06-01 19:04:30 - majestic_rabbit_77669(1438124876123607120) > wedkorea
2026-06-01 19:04:30 - majestic_rabbit_77669 인증완료