
2026-02-07 10:14:10 - <@916871404064997437> 입장
2026-02-07 10:14:11 - [[32m✔[0m] shaco8727님에게 역할을 지급했습니다
2026-02-07 10:14:28 - shaco8727(916871404064997437) > AdriftHope
2026-02-07 10:14:29 - shaco8727 인증완료
2026-02-07 13:28:30 - 61656165_65347(1469179311142736134) > @muji_babo
2026-02-07 18:24:11 - <@1085912670894575780> 입장
2026-02-07 18:24:11 - [[32m✔[0m] gegehooy님에게 역할을 지급했습니다
2026-02-07 18:24:40 - gegehooy(1085912670894575780) > gegehooy
2026-02-07 18:24:42 - gegehooy 인증완료
2026-02-07 18:37:03 - <@1299551037690085386> 입장
2026-02-07 18:37:04 - [[32m✔[0m] 789asmr님에게 역할을 지급했습니다
2026-02-07 18:38:16 - <@1299371167869833218> 입장
2026-02-07 18:38:16 - [[32m✔[0m] kimhyun99님에게 역할을 지급했습니다
2026-02-07 18:54:31 - <@1395374374567280653> 입장
2026-02-07 18:54:32 - [[32m✔[0m] hwangseohu0463님에게 역할을 지급했습니다
2026-02-07 18:54:58 - <@1252397853918101556> 입장
2026-02-07 18:54:59 - [[32m✔[0m] leo5035_님에게 역할을 지급했습니다
2026-02-07 18:55:15 - hwangseohu0463(1395374374567280653) > GoldFiber66992
2026-02-07 18:55:37 - leo5035_(1252397853918101556) > LEOSMARTPANDA
2026-02-07 18:55:37 - leo5035_ 인증완료
2026-02-07 18:56:52 - hwangseohu0463(1395374374567280653) > GoldFiber669926
2026-02-07 18:59:41 - hwangseohu0463(1395374374567280653) > GoldFiber669926
2026-02-07 19:01:16 - <@1266233425094905907> 입장
2026-02-07 19:01:17 - [[32m✔[0m] gyiyomihuni님에게 역할을 지급했습니다
2026-02-07 19:02:20 - gyiyomihuni(1266233425094905907) > sunghun0914
2026-02-07 19:02:20 - gyiyomihuni 인증완료
2026-02-07 19:04:34 - <@1321032252066627650> 입장
2026-02-07 19:04:34 - [[32m✔[0m] eunja.difference님에게 역할을 지급했습니다
2026-02-07 19:04:47 - eunja.difference(1321032252066627650) > rlarnfma
2026-02-07 19:04:48 - eunja.difference 인증완료
2026-02-07 19:18:58 - <@1179577751754248263> 입장
2026-02-07 19:18:59 - [[32m✔[0m] cyk0477_88494님에게 역할을 지급했습니다
2026-02-07 19:32:26 - <@1119530540501041163> 입장
2026-02-07 19:32:26 - [[32m✔[0m] giyeounnieomma님에게 역할을 지급했습니다
2026-02-07 20:13:16 - <@1380076174163705898> 입장
2026-02-07 20:13:16 - [[32m✔[0m] wueuowl_님에게 역할을 지급했습니다
2026-02-07 20:14:13 - wueuowl_(1380076174163705898) > wueuowl
2026-02-07 20:14:14 - wueuowl_ 인증완료
2026-02-07 20:44:32 - <@1267294002911121409> 입장
2026-02-07 20:44:33 - [[32m✔[0m] dodoman_dodo님에게 역할을 지급했습니다
2026-02-07 20:48:37 - giyeounnieomma(1119530540501041163) > KIMASTON
2026-02-07 20:48:37 - giyeounnieomma 인증완료
2026-02-07 20:50:28 - <@1214540504063279107> 입장
2026-02-07 20:50:28 - [[32m✔[0m] jihan1566님에게 역할을 지급했습니다
2026-02-07 20:50:57 - jihan1566(1214540504063279107) > jihan1566
2026-02-07 20:50:58 - jihan1566 인증완료
2026-02-07 21:13:03 - <@1469666713602625712> 입장
2026-02-07 21:13:03 - [[32m✔[0m] kos9098_12님에게 역할을 지급했습니다
2026-02-07 21:13:18 - kos9098_12(1469666713602625712) > sangmins12
2026-02-07 21:13:19 - kos9098_12 인증완료
2026-02-07 22:00:29 - <@1066510998602788945> 입장
2026-02-07 22:00:30 - [[32m✔[0m] niconiconigame님에게 역할을 지급했습니다
2026-02-07 22:00:41 - niconiconigame(1066510998602788945) > Like_Niconi
2026-02-07 22:00:42 - niconiconigame 인증완료
2026-02-07 22:01:59 - <@867025736627912704> 입장
2026-02-07 22:02:00 - [[32m✔[0m] dam486님에게 역할을 지급했습니다
2026-02-07 22:02:27 - dam486(867025736627912704) > dam486
2026-02-07 22:02:28 - dam486 인증완료
2026-02-07 22:06:16 - <@1202596540087275534> 입장
2026-02-07 22:06:17 - [[32m✔[0m] cddo_39949님에게 역할을 지급했습니다
2026-02-07 22:06:29 - cddo_39949(1202596540087275534) > Maco1306
2026-02-07 22:06:29 - cddo_39949 인증완료
2026-02-07 22:13:27 - <@1375843085879345172> 입장
2026-02-07 22:13:27 - [[32m✔[0m] 7g6d님에게 역할을 지급했습니다
2026-02-07 22:13:34 - 7g6d(1375843085879345172) > medisson6088
2026-02-07 22:13:35 - 7g6d 인증완료
2026-02-07 22:40:00 - <@972713122030841876> 입장
2026-02-07 22:40:01 - [[32m✔[0m] kim_100816님에게 역할을 지급했습니다
2026-02-07 22:40:35 - kim_100816(972713122030841876) > kimjh0324
2026-02-07 22:40:36 - kim_100816 인증완료
2026-02-07 22:40:44 - <@1468790930038591631> 입장
2026-02-07 22:40:44 - [[32m✔[0m] hoo_nyang님에게 역할을 지급했습니다
2026-02-07 22:41:26 - hoo_nyang(1468790930038591631) > Hooyang123
2026-02-07 22:41:41 - hoo_nyang(1468790930038591631) > Hoonyang123
2026-02-07 22:41:41 - hoo_nyang 인증완료
2026-02-07 22:44:48 - <@829682429685137409> 입장
2026-02-07 22:44:49 - [[32m✔[0m] jaehwang4034님에게 역할을 지급했습니다
2026-02-07 22:46:03 - <@389039858636554240> 입장
2026-02-07 22:46:04 - [[32m✔[0m] wodnjs0327님에게 역할을 지급했습니다
2026-02-07 23:44:46 - kimhyun99(1299371167869833218) > soomuchchu
2026-02-07 23:44:47 - kimhyun99 인증완료