
2026-04-23 03:30:06 - <@1469371560363032828> 입장
2026-04-23 03:30:07 - [[32m✔[0m] jeompeukaes_29221님에게 역할을 지급했습니다
2026-04-23 03:30:28 - jeompeukaes_29221(1469371560363032828) > jump_cat04
2026-04-23 03:30:28 - jeompeukaes_29221 인증완료
2026-04-23 04:32:17 - <@1488861768850866186> 입장
2026-04-23 04:32:18 - [[32m✔[0m] jeompeukaes_74199님에게 역할을 지급했습니다
2026-04-23 04:33:35 - jeompeukaes_74199(1488861768850866186) > jump_cat04
2026-04-23 04:33:35 - jeompeukaes_74199 인증완료
2026-04-23 04:37:01 - <@666270872012849176> 입장
2026-04-23 04:37:02 - [[32m✔[0m] gkdnsdk님에게 역할을 지급했습니다
2026-04-23 04:37:13 - gkdnsdk(666270872012849176) > jump_cat04
2026-04-23 04:37:13 - gkdnsdk 인증완료
2026-04-23 10:06:07 - <@368035669509013505> 입장
2026-04-23 10:06:08 - [[32m✔[0m] mang_wa님에게 역할을 지급했습니다
2026-04-23 10:06:52 - mang_wa(368035669509013505) > Mang_Wa
2026-04-23 10:06:53 - mang_wa 인증완료
2026-04-23 21:24:27 - <@416410598138707968> 입장
2026-04-23 21:24:27 - [[32m✔[0m] jeongmin0741님에게 역할을 지급했습니다
2026-04-23 21:47:30 - jeongmin0741(416410598138707968) > HollyMolly02
2026-04-23 21:47:30 - jeongmin0741 인증완료
2026-04-23 21:47:50 - <@478717819836694528> 입장
2026-04-23 21:47:50 - [[32m✔[0m] seungchan7943님에게 역할을 지급했습니다
2026-04-23 21:47:59 - seungchan7943(478717819836694528) > pina103
2026-04-23 21:48:00 - seungchan7943 인증완료
2026-04-23 21:51:28 - <@973484604352782346> 입장
2026-04-23 21:51:30 - [[32m✔[0m] sjsjbsyq님에게 역할을 지급했습니다
2026-04-23 21:54:14 - sjsjbsyq(973484604352782346) > sjsjbsyq
2026-04-23 22:24:03 - sjsjbsyq(973484604352782346) > sjsjbsyq
2026-04-23 22:24:15 - sjsjbsyq(973484604352782346) > AKEZLI
2026-04-23 22:24:15 - sjsjbsyq 인증완료