
2026-03-16 00:49:41 - <@1480557279232131235> мһ…мһҘ
2026-03-16 00:49:42 - [[32mвң”[0m] 12qwdqw_123лӢҳм—җкІҢ м—ӯн• мқ„ м§Җкёүн–ҲмҠөлӢҲлӢӨ
2026-03-16 00:49:51 - 12qwdqw_123(1480557279232131235) > hello
2026-03-16 00:49:51 - 12qwdqw_123 мқёмҰқмҷ„лЈҢ
2026-03-16 07:45:42 - <@1459718789506662566> мһ…мһҘ
2026-03-16 07:45:43 - [[32mвң”[0m] nyaminyami0558лӢҳм—җкІҢ м—ӯн• мқ„ м§Җкёүн–ҲмҠөлӢҲлӢӨ
2026-03-16 07:46:16 - <@1413142378612527228> мһ…мһҘ
2026-03-16 07:46:17 - [[32mвң”[0m] qwerasd_13579лӢҳм—җкІҢ м—ӯн• мқ„ м§Җкёүн–ҲмҠөлӢҲлӢӨ
2026-03-16 19:34:56 - <@998063724831195196> мһ…мһҘ
2026-03-16 19:34:57 - [[32mвң”[0m] koseonjae0лӢҳм—җкІҢ м—ӯн• мқ„ м§Җкёүн–ҲмҠөлӢҲлӢӨ
2026-03-16 19:35:31 - koseonjae0(998063724831195196) > LIKE_YOU_BETTER
2026-03-16 19:35:31 - koseonjae0 мқёмҰқмҷ„лЈҢ
2026-03-16 19:53:46 - <@1339216610665304075> мһ…мһҘ
2026-03-16 19:53:47 - [[32mвң”[0m] parkchanyu1177лӢҳм—җкІҢ м—ӯн• мқ„ м§Җкёүн–ҲмҠөлӢҲлӢӨ
2026-03-16 19:54:14 - parkchanyu1177(1339216610665304075) > parkchanyu
2026-03-16 19:54:15 - parkchanyu1177 мқёмҰқмҷ„лЈҢ
2026-03-16 23:17:13 - <@1056152458528829491> мһ…мһҘ
2026-03-16 23:17:13 - [[32mвң”[0m] kamza_sanлӢҳм—җкІҢ м—ӯн• мқ„ м§Җкёүн–ҲмҠөлӢҲлӢӨ
2026-03-16 23:17:45 - kamza_san(1056152458528829491) > kamza_san
2026-03-16 23:17:46 - kamza_san мқёмҰқмҷ„лЈҢ