
2026-02-19 08:35:50 - <@1138019010219356171> 입장
2026-02-19 08:35:51 - [[32m✔[0m] tadadaino093님에게 역할을 지급했습니다
2026-02-19 08:36:13 - tadadaino093(1138019010219356171) > Tadadaino092
2026-02-19 08:36:14 - tadadaino093 인증완료
2026-02-19 13:30:15 - <@825563358509137940> 입장
2026-02-19 13:30:16 - [[32m✔[0m] user457234446님에게 역할을 지급했습니다
2026-02-19 13:30:25 - user457234446(825563358509137940) > User45724
2026-02-19 13:30:26 - user457234446 인증완료
2026-02-19 14:25:19 - <@1093055719248494614> 입장
2026-02-19 14:25:19 - [[32m✔[0m] hhhh_mmmm님에게 역할을 지급했습니다
2026-02-19 14:25:51 - hhhh_mmmm(1093055719248494614) > onlineelf
2026-02-19 14:25:52 - hhhh_mmmm 인증완료
2026-02-19 20:12:08 - <@768018885034639391> 입장
2026-02-19 20:12:08 - [[32m✔[0m] _patience.0님에게 역할을 지급했습니다
2026-02-19 20:13:02 - _patience.0(768018885034639391) > frozen_skate
2026-02-19 20:13:02 - _patience.0 인증완료
2026-02-19 20:15:56 - <@981053603370385418> 입장
2026-02-19 20:15:57 - [[32m✔[0m] soomik_rt님에게 역할을 지급했습니다
2026-02-19 20:16:36 - soomik_rt(981053603370385418) > soomi1628
2026-02-19 20:16:36 - soomik_rt 인증완료
2026-02-19 20:30:28 - <@927522550676869130> 입장
2026-02-19 20:30:30 - [[32m✔[0m] eru_1234님에게 역할을 지급했습니다
2026-02-19 21:34:22 - <@344839599786295297> 입장
2026-02-19 21:34:23 - [[32m✔[0m] simbaka님에게 역할을 지급했습니다
2026-02-19 22:07:57 - <@758231377937170442> 입장
2026-02-19 22:07:58 - [[32m✔[0m] luckyshw님에게 역할을 지급했습니다
2026-02-19 22:08:31 - luckyshw(758231377937170442) > luckyshw
2026-02-19 22:08:31 - luckyshw 인증완료