
2026-02-17 00:16:23 - <@1333750146160267289> 입장
2026-02-17 00:16:26 - [[32m✔[0m] gg0024._21980님에게 역할을 지급했습니다
2026-02-17 00:16:44 - gg0024._21980(1333750146160267289) > sindongju1128
2026-02-17 00:16:45 - gg0024._21980 인증완료
2026-02-17 11:40:33 - <@1411162547016437901> 입장
2026-02-17 11:40:34 - [[32m✔[0m] nangnangyi.님에게 역할을 지급했습니다
2026-02-17 11:41:10 - nangnangyi.(1411162547016437901) > YW2_
2026-02-17 11:41:11 - nangnangyi. 인증완료
2026-02-17 13:40:39 - <@1321051184945037332> 입장
2026-02-17 13:40:39 - [[32m✔[0m] iam318님에게 역할을 지급했습니다
2026-02-17 13:41:28 - iam318(1321051184945037332) > Hyewon0215
2026-02-17 13:41:28 - iam318 인증완료
2026-02-17 15:56:43 - <@1394600810360471604> 입장
2026-02-17 15:56:43 - [[32m✔[0m] apple180111님에게 역할을 지급했습니다
2026-02-17 15:57:17 - apple180111(1394600810360471604) > apple688
2026-02-17 15:57:18 - apple180111 인증완료
2026-02-17 16:19:13 - <@1214542799916109918> 입장
2026-02-17 16:19:15 - [[32m✔[0m] eve_.i님에게 역할을 지급했습니다
2026-02-17 16:19:26 - eve_.i(1214542799916109918) > EVE1304
2026-02-17 16:19:26 - eve_.i 인증완료
2026-02-17 21:53:50 - hellerod0901(1246058622996451441) > discord.gg/2Jqsg96mZz