
2026-02-06 12:55:13 - <@1469179311142736134> 입장
2026-02-06 12:55:13 - [[32m✔[0m] 61656165_65347님에게 역할을 지급했습니다
2026-02-06 18:58:36 - <@1294523701311574047> 입장
2026-02-06 18:58:37 - [[32m✔[0m] seoulsage님에게 역할을 지급했습니다
2026-02-06 19:01:47 - seoulsage(1294523701311574047) > Lunarcat_932
2026-02-06 19:01:48 - seoulsage 인증완료
2026-02-06 19:51:47 - <@867025736627912704> 입장
2026-02-06 19:51:48 - [[32m✔[0m] dam486님에게 역할을 지급했습니다
2026-02-06 19:52:23 - dam486(867025736627912704) > dam486
2026-02-06 19:52:24 - dam486 인증완료
2026-02-06 22:41:05 - <@318742764160417792> 입장
2026-02-06 22:41:05 - [[32m✔[0m] aegi7267님에게 역할을 지급했습니다
2026-02-06 22:41:09 - <@292332730874855424> 입장
2026-02-06 22:41:09 - [[32m✔[0m] mickeyberry.님에게 역할을 지급했습니다
2026-02-06 22:41:59 - mickeyberry.(292332730874855424) > MickeyBerry922
2026-02-06 22:42:48 - aegi7267(318742764160417792) > Sombunny0108
2026-02-06 22:42:48 - aegi7267 인증완료
2026-02-06 22:43:47 - <@1326136816239378434> 입장
2026-02-06 22:43:48 - [[32m✔[0m] 123_choco_123님에게 역할을 지급했습니다
2026-02-06 22:44:12 - 123_choco_123(1326136816239378434) > Ilove_Jiheon
2026-02-06 22:44:13 - 123_choco_123 인증완료
2026-02-06 22:45:12 - mickeyberry.(292332730874855424) > Mickeyberry
2026-02-06 22:45:13 - mickeyberry. 인증완료