
2026-04-19 13:00:36 - <@1494664985262030949> 입장
2026-04-19 13:00:37 - [[32m✔[0m] 1zak_1님에게 역할을 지급했습니다
2026-04-19 13:01:58 - 1zak_1(1494664985262030949) > Zekarlt
2026-04-19 13:01:58 - 1zak_1 인증완료
2026-04-19 14:53:23 - <@1322124507758071838> 입장
2026-04-19 14:53:24 - [[32m✔[0m] _dsdsds_78375님에게 역할을 지급했습니다
2026-04-19 14:53:40 - _dsdsds_78375(1322124507758071838) > _gunsu
2026-04-19 14:53:40 - _dsdsds_78375 인증완료
2026-04-19 15:34:13 - console_id12093(804194370018344961) > nice
2026-04-19 15:34:13 - console_id12093 인증완료
2026-04-19 16:57:29 - 1emrm(1410899424942755883) > jay_babo0628
2026-04-19 16:57:29 - 1emrm 인증완료
2026-04-19 16:57:49 - <@1410899424942755883> 입장
2026-04-19 16:57:49 - [[32m✔[0m] 1emrm님에게 역할을 지급했습니다
2026-04-19 21:59:53 - <@345073061785239552> 입장
2026-04-19 21:59:54 - [[32m✔[0m] ldh123424님에게 역할을 지급했습니다
2026-04-19 22:01:21 - ldh123424(345073061785239552) > ldh123424
2026-04-19 22:01:21 - ldh123424 인증완료
2026-04-19 22:40:22 - <@872328987924373535> 입장
2026-04-19 22:40:22 - [[32m✔[0m] s2.w.님에게 역할을 지급했습니다
2026-04-19 22:40:44 - s2.w.(872328987924373535) > 96sh
2026-04-19 22:40:44 - s2.w. 인증완료