
2026-02-22 00:00:56 - <@945871858186723398> 입장
2026-02-22 00:00:56 - [[32m✔[0m] blaskdds23e님에게 역할을 지급했습니다
2026-02-22 00:35:27 - <@1321024364636016734> 입장
2026-02-22 00:35:27 - [[32m✔[0m] _._cake_31592님에게 역할을 지급했습니다
2026-02-22 00:36:15 - _._cake_31592(1321024364636016734) > skewodka
2026-02-22 00:36:15 - _._cake_31592 인증완료
2026-02-22 01:44:20 - <@1314695101456453763> 입장
2026-02-22 01:44:21 - [[32m✔[0m] dnngvvvmsd님에게 역할을 지급했습니다
2026-02-22 01:45:06 - dnngvvvmsd(1314695101456453763) > SEUNGHYUN
2026-02-22 01:45:06 - dnngvvvmsd 인증완료
2026-02-22 02:26:25 - <@1257257113076633698> 입장
2026-02-22 02:26:25 - [[32m✔[0m] null._s님에게 역할을 지급했습니다
2026-02-22 02:37:16 - <@830947583186042890> 입장
2026-02-22 02:37:16 - [[32m✔[0m] 6068_님에게 역할을 지급했습니다
2026-02-22 02:38:21 - 6068_(830947583186042890) > Foreign_worker09
2026-02-22 02:38:22 - 6068_ 인증완료
2026-02-22 03:21:11 - <@1375935339218075772> 입장
2026-02-22 03:21:12 - [[32m✔[0m] imme04559님에게 역할을 지급했습니다
2026-02-22 03:21:52 - imme04559(1375935339218075772) > stvez
2026-02-22 03:21:52 - imme04559 인증완료
2026-02-22 10:15:13 - 30cmja_89509(1269458247346294895) > 30cmja
2026-02-22 10:15:13 - 30cmja_89509 인증완료
2026-02-22 15:58:50 - <@772418508956893215> 입장
2026-02-22 15:58:51 - [[32m✔[0m] dduk0nii님에게 역할을 지급했습니다