
2026-04-15 11:36:26 - <@1473698753897824267> 입장
2026-04-15 11:36:28 - [[32m✔[0m] gimddaengddaeng0780님에게 역할을 지급했습니다
2026-04-15 11:40:33 - gimddaengddaeng0780(1473698753897824267) > gimddaengddaeng0780
2026-04-15 12:49:34 - gimddaengddaeng0780(1473698753897824267) > hyunwoo0422
2026-04-15 12:49:44 - gimddaengddaeng0780(1473698753897824267) > gimddaengddaeng0780
2026-04-15 17:06:08 - <@1449267397914787854> 입장
2026-04-15 17:06:10 - [[32m✔[0m] p.meow__님에게 역할을 지급했습니다
2026-04-15 17:07:07 - <@1177770474218999898> 입장
2026-04-15 17:07:08 - [[32m✔[0m] 205300님에게 역할을 지급했습니다
2026-04-15 17:07:45 - 205300(1177770474218999898) > ｂｏｎｅｌａｐｙ
2026-04-15 17:08:18 - 205300(1177770474218999898) > bonelaphy
2026-04-15 17:08:18 - 205300 인증완료
2026-04-15 17:09:13 - <@992783843012644904> 입장
2026-04-15 17:09:14 - [[32m✔[0m] ryansho_dbzydazhe님에게 역할을 지급했습니다
2026-04-15 17:09:29 - ryansho_dbzydazhe(992783843012644904) > gamesuno
2026-04-15 17:09:56 - ryansho_dbzydazhe(992783843012644904) > ganesuno
2026-04-15 17:09:56 - ryansho_dbzydazhe 인증완료
2026-04-15 21:38:30 - <@1475874899146047499> 입장
2026-04-15 21:38:30 - [[32m✔[0m] 11__._.__님에게 역할을 지급했습니다
2026-04-15 21:39:25 - <@943026744359809035> 입장
2026-04-15 21:39:25 - [[32m✔[0m] for_star.님에게 역할을 지급했습니다
2026-04-15 21:46:15 - <@913035660942794782> 입장
2026-04-15 21:46:16 - [[32m✔[0m] seukeol4432님에게 역할을 지급했습니다
2026-04-15 21:46:57 - seukeol4432(913035660942794782) > smkang
2026-04-15 21:46:57 - seukeol4432 인증완료