
2026-02-28 01:18:52 - [[32mвң”[0m] Potato24 Verify#6361 is started!
2026-02-28 01:34:06 - <@287556188764241921> мһ…мһҘ
2026-02-28 01:34:06 - [[32mвң”[0m] jeong_____лӢҳм—җкІҢ м—ӯн• мқ„ м§Җкёүн–ҲмҠөлӢҲлӢӨ
2026-02-28 01:34:18 - jeong_____(287556188764241921) > Ungaram
2026-02-28 01:34:19 - jeong_____ мқёмҰқмҷ„лЈҢ
2026-02-28 01:56:03 - qwerasd_13579(1413142378612527228) > SugarO_O
2026-02-28 01:56:03 - qwerasd_13579 мқёмҰқмҷ„лЈҢ
2026-02-28 03:10:25 - <@1476216521570259034> мһ…мһҘ
2026-02-28 03:10:26 - [[32mвң”[0m] asdasd_41234лӢҳм—җкІҢ м—ӯн• мқ„ м§Җкёүн–ҲмҠөлӢҲлӢӨ
2026-02-28 03:10:36 - asdasd_41234(1476216521570259034) > super
2026-02-28 03:10:36 - asdasd_41234 мқёмҰқмҷ„лЈҢ
2026-02-28 03:22:25 - <@616244856557273088> мһ…мһҘ
2026-02-28 03:22:26 - [[32mвң”[0m] soo._bin00лӢҳм—җкІҢ м—ӯн• мқ„ м§Җкёүн–ҲмҠөлӢҲлӢӨ
2026-02-28 03:23:50 - soo._bin00(616244856557273088) > hee00a
2026-02-28 03:23:50 - soo._bin00 мқёмҰқмҷ„лЈҢ
2026-02-28 12:36:29 - <@1328539623428718602> мһ…мһҘ
2026-02-28 12:36:29 - [[32mвң”[0m] lgo_1004_46534лӢҳм—җкІҢ м—ӯн• мқ„ м§Җкёүн–ҲмҠөлӢҲлӢӨ
2026-02-28 12:36:54 - lgo_1004_46534(1328539623428718602) > lgo1004
2026-02-28 12:36:54 - lgo_1004_46534 мқёмҰқмҷ„лЈҢ
2026-02-28 20:56:40 - <@789628056641339402> мһ…мһҘ
2026-02-28 20:56:41 - [[32mвң”[0m] egou29лӢҳм—җкІҢ м—ӯн• мқ„ м§Җкёүн–ҲмҠөлӢҲлӢӨ
2026-02-28 21:08:28 - <@1030652876177019000> мһ…мһҘ
2026-02-28 21:08:29 - [[32mвң”[0m] xixn_xлӢҳм—җкІҢ м—ӯн• мқ„ м§Җкёүн–ҲмҠөлӢҲлӢӨ
2026-02-28 21:08:59 - xixn_x(1030652876177019000) > Raion_G
2026-02-28 21:09:00 - xixn_x мқёмҰқмҷ„лЈҢ
2026-02-28 22:00:05 - <@941683178920378439> мһ…мһҘ
2026-02-28 22:00:06 - [[32mвң”[0m] нӢ°нҶ м»Ө#7595лӢҳм—җкІҢ м—ӯн• мқ„ м§Җкёүн–ҲмҠөлӢҲлӢӨ
2026-02-28 22:01:47 - <@1152174271028801617> мһ…мһҘ
2026-02-28 22:01:48 - [[32mвң”[0m] geurhaлӢҳм—җкІҢ м—ӯн• мқ„ м§Җкёүн–ҲмҠөлӢҲлӢӨ
2026-02-28 22:16:32 - <@648146697955967007> мһ…мһҘ
2026-02-28 22:16:32 - [[32mвң”[0m] jeong_310лӢҳм—җкІҢ м—ӯн• мқ„ м§Җкёүн–ҲмҠөлӢҲлӢӨ
2026-02-28 22:16:56 - jeong_310(648146697955967007) > jeong_310_
2026-02-28 22:17:16 - jeong_310(648146697955967007) > jeong_310_
2026-02-28 22:17:39 - jeong_310(648146697955967007) > jeong310
2026-02-28 22:17:39 - jeong_310 мқёмҰқмҷ„лЈҢ
2026-02-28 22:21:44 - geurha(1152174271028801617) > qabwui
2026-02-28 22:21:44 - geurha мқёмҰқмҷ„лЈҢ